app/build/intermediates/manifest_merge_blame_file/debug/processDebugMainManifest/manifest-merger-blame-debug-report.txt
1<?xml version="1.0" encoding="utf-8"?>
2<manifest xmlns:android="http://schemas.android.com/apk/res/android"
3    package="com.example.snaphunters"
4    android:versionCode="1"
5    android:versionName="1.0" >
6
7    <uses-sdk
8        android:minSdkVersion="24"
9        android:targetSdkVersion="34" />
10
11    <uses-permission android:name="android.permission.CAMERA" />
11-->src\main\AndroidManifest.xml:5:5-65
11-->src\main\AndroidManifest.xml:5:22-62
12
13    <uses-feature
13-->src\main\AndroidManifest.xml:7:5-9:35
14        android:name="android.hardware.camera"
14-->src\main\AndroidManifest.xml:8:9-47
15        android:required="true" />
15-->src\main\AndroidManifest.xml:9:9-32
16    <uses-feature
16-->src\main\AndroidManifest.xml:11:5-12:35
17        android:name="android.hardware.sensor.compass"
17-->src\main\AndroidManifest.xml:11:19-65
18        android:required="true" />
18-->src\main\AndroidManifest.xml:12:9-32
19
20    <uses-permission android:name="android.permission.READ_CONTACTS" />
20-->src\main\AndroidManifest.xml:14:5-72
20-->src\main\AndroidManifest.xml:14:22-69
21    <uses-permission android:name="android.permission.READ_EXTERNAL_STORAGE" />
21-->src\main\AndroidManifest.xml:15:5-80
21-->src\main\AndroidManifest.xml:15:22-77
22    <uses-permission android:name="android.permission.ACCESS_FINE_LOCATION" />
22-->src\main\AndroidManifest.xml:16:5-79
22-->src\main\AndroidManifest.xml:16:22-76
23    <uses-permission android:name="android.permission.ACCESS_COARSE_LOCATION" />
23-->src\main\AndroidManifest.xml:17:5-81
23-->src\main\AndroidManifest.xml:17:22-78
24    <uses-permission android:name="android.permission.WRITE_EXTERNAL_STORAGE" />
24-->src\main\AndroidManifest.xml:18:5-81
24-->src\main\AndroidManifest.xml:18:22-78
25    <uses-permission android:name="android.permission.INTERNET" />
25-->src\main\AndroidManifest.xml:19:5-67
25-->src\main\AndroidManifest.xml:19:22-64
26    <uses-permission android:name="android.permission.USE_BIOMETRIC" />
26-->src\main\AndroidManifest.xml:20:5-72
26-->src\main\AndroidManifest.xml:20:22-69
27    <uses-permission android:name="android.permission.FINGERPRINT" />
27-->src\main\AndroidManifest.xml:21:5-70
27-->src\main\AndroidManifest.xml:21:22-67
28
29    <!-- Although the *SdkVersion is captured in gradle build files, this is required for non gradle builds -->
30    <!-- <uses-sdk android:minSdkVersion="21"/> -->
31    <uses-permission android:name="android.permission.ACCESS_NETWORK_STATE" /> <!-- suppress DeprecatedClassUsageInspection -->
31-->[com.google.firebase:firebase-database:21.0.0] AndroidManifest.xml:22:5-79
31-->[com.google.firebase:firebase-database:21.0.0] AndroidManifest.xml:22:22-76
32    <uses-permission android:name="android.permission.USE_FINGERPRINT" />
32-->[androidx.biometric:biometric:1.1.0] AndroidManifest.xml:27:5-74
32-->[androidx.biometric:biometric:1.1.0] AndroidManifest.xml:27:22-71
33
34    <uses-feature
34-->[com.google.android.gms:play-services-maps:19.0.0] AndroidManifest.xml:26:5-28:35
35        android:glEsVersion="0x00020000"
35-->[com.google.android.gms:play-services-maps:19.0.0] AndroidManifest.xml:27:9-41
36        android:required="true" />
36-->[com.google.android.gms:play-services-maps:19.0.0] AndroidManifest.xml:28:9-32
37
38    <queries>
38-->[com.google.android.gms:play-services-maps:19.0.0] AndroidManifest.xml:30:5-34:15
39
40        <!-- Needs to be explicitly declared on Android R+ -->
41        <package android:name="com.google.android.apps.maps" />
41-->[com.google.android.gms:play-services-maps:19.0.0] AndroidManifest.xml:33:9-64
41-->[com.google.android.gms:play-services-maps:19.0.0] AndroidManifest.xml:33:18-61
42    </queries>
43
44    <permission
44-->[androidx.core:core:1.13.1] AndroidManifest.xml:22:5-24:47
45        android:name="com.example.snaphunters.DYNAMIC_RECEIVER_NOT_EXPORTED_PERMISSION"
45-->[androidx.core:core:1.13.1] AndroidManifest.xml:23:9-81
46        android:protectionLevel="signature" />
46-->[androidx.core:core:1.13.1] AndroidManifest.xml:24:9-44
47
48    <uses-permission android:name="com.example.snaphunters.DYNAMIC_RECEIVER_NOT_EXPORTED_PERMISSION" />
48-->[androidx.core:core:1.13.1] AndroidManifest.xml:26:5-97
48-->[androidx.core:core:1.13.1] AndroidManifest.xml:26:22-94
49
50    <supports-screens
50-->[org.osmdroid:osmdroid-android:6.1.11] AndroidManifest.xml:11:5-14:40
51        android:anyDensity="true"
51-->[org.osmdroid:osmdroid-android:6.1.11] AndroidManifest.xml:12:9-34
52        android:largeScreens="true"
52-->[org.osmdroid:osmdroid-android:6.1.11] AndroidManifest.xml:13:9-36
53        android:normalScreens="true" />
53-->[org.osmdroid:osmdroid-android:6.1.11] AndroidManifest.xml:14:9-37
54
55    <uses-feature
55-->[org.osmdroid:osmdroid-android:6.1.11] AndroidManifest.xml:16:5-18:36
56        android:name="android.hardware.location.network"
56-->[org.osmdroid:osmdroid-android:6.1.11] AndroidManifest.xml:17:9-57
57        android:required="false" />
57-->[org.osmdroid:osmdroid-android:6.1.11] AndroidManifest.xml:18:9-33
58    <uses-feature
58-->[org.osmdroid:osmdroid-android:6.1.11] AndroidManifest.xml:19:5-21:36
59        android:name="android.hardware.location.gps"
59-->[org.osmdroid:osmdroid-android:6.1.11] AndroidManifest.xml:20:9-53
60        android:required="false" />
60-->[org.osmdroid:osmdroid-android:6.1.11] AndroidManifest.xml:21:9-33
61    <uses-feature
61-->[org.osmdroid:osmdroid-android:6.1.11] AndroidManifest.xml:22:5-24:36
62        android:name="android.hardware.telephony"
62-->[org.osmdroid:osmdroid-android:6.1.11] AndroidManifest.xml:23:9-50
63        android:required="false" />
63-->[org.osmdroid:osmdroid-android:6.1.11] AndroidManifest.xml:24:9-33
64    <uses-feature
64-->[org.osmdroid:osmdroid-android:6.1.11] AndroidManifest.xml:25:5-27:36
65        android:name="android.hardware.wifi"
65-->[org.osmdroid:osmdroid-android:6.1.11] AndroidManifest.xml:26:9-45
66        android:required="false" />
66-->[org.osmdroid:osmdroid-android:6.1.11] AndroidManifest.xml:27:9-33
67
68    <application
68-->src\main\AndroidManifest.xml:25:5-95:19
69        android:allowBackup="true"
69-->src\main\AndroidManifest.xml:26:9-35
70        android:appComponentFactory="androidx.core.app.CoreComponentFactory"
70-->[androidx.core:core:1.13.1] AndroidManifest.xml:28:18-86
71        android:dataExtractionRules="@xml/data_extraction_rules"
71-->src\main\AndroidManifest.xml:27:9-65
72        android:debuggable="true"
73        android:extractNativeLibs="false"
74        android:fullBackupContent="@xml/backup_rules"
74-->src\main\AndroidManifest.xml:28:9-54
75        android:icon="@mipmap/ic_launcher"
75-->src\main\AndroidManifest.xml:29:9-43
76        android:label="@string/app_name"
76-->src\main\AndroidManifest.xml:30:9-41
77        android:roundIcon="@mipmap/ic_launcher_round"
77-->src\main\AndroidManifest.xml:31:9-54
78        android:supportsRtl="true"
78-->src\main\AndroidManifest.xml:32:9-35
79        android:testOnly="true"
80        android:theme="@style/Theme.SnapHunters" >
80-->src\main\AndroidManifest.xml:33:9-49
81        <activity
81-->src\main\AndroidManifest.xml:35:9-37:40
82            android:name="com.example.snaphunters.CompassActivity"
82-->src\main\AndroidManifest.xml:36:13-44
83            android:exported="false" />
83-->src\main\AndroidManifest.xml:37:13-37
84        <!--
85             TODO: Before you run your application, you need a Google Maps API key.
86
87             To get one, follow the directions here:
88
89                https://developers.google.com/maps/documentation/android-sdk/get-api-key
90
91             Once you have your API key (it starts with "AIza"), define a new property in your
92             project's local.properties file (e.g. MAPS_API_KEY=Aiza...), and replace the
93             "YOUR_API_KEY" string in this file with "${MAPS_API_KEY}".
94        -->
95        <meta-data
95-->src\main\AndroidManifest.xml:49:9-51:44
96            android:name="com.google.android.geo.API_KEY"
96-->src\main\AndroidManifest.xml:50:13-58
97            android:value="YOUR_API_KEY" />
97-->src\main\AndroidManifest.xml:51:13-41
98
99        <activity
99-->src\main\AndroidManifest.xml:53:9-56:69
100            android:name="com.example.snaphunters.BountyHuntingActivity"
100-->src\main\AndroidManifest.xml:54:13-50
101            android:exported="false"
101-->src\main\AndroidManifest.xml:55:13-37
102            android:label="@string/title_activity_bounty_hunting" />
102-->src\main\AndroidManifest.xml:56:13-66
103        <activity
103-->src\main\AndroidManifest.xml:57:9-60:61
104            android:name="com.example.snaphunters.HunterActivity"
104-->src\main\AndroidManifest.xml:58:13-43
105            android:exported="false"
105-->src\main\AndroidManifest.xml:59:13-37
106            android:label="@string/title_activity_hunter" />
106-->src\main\AndroidManifest.xml:60:13-58
107        <activity
107-->src\main\AndroidManifest.xml:61:9-63:40
108            android:name="com.example.snaphunters.BountyHuntingInfoActivity"
108-->src\main\AndroidManifest.xml:62:13-54
109            android:exported="false" />
109-->src\main\AndroidManifest.xml:63:13-37
110        <activity
110-->src\main\AndroidManifest.xml:64:9-66:40
111            android:name="com.example.snaphunters.HunterInfoActivity"
111-->src\main\AndroidManifest.xml:65:13-47
112            android:exported="false" />
112-->src\main\AndroidManifest.xml:66:13-37
113        <activity
113-->src\main\AndroidManifest.xml:67:9-70:59
114            android:name="com.example.snaphunters.MapsActivity"
114-->src\main\AndroidManifest.xml:68:13-41
115            android:exported="false"
115-->src\main\AndroidManifest.xml:69:13-37
116            android:label="@string/title_activity_maps" />
116-->src\main\AndroidManifest.xml:70:13-56
117        <activity
117-->src\main\AndroidManifest.xml:71:9-73:40
118            android:name="com.example.snaphunters.ProfileActivity"
118-->src\main\AndroidManifest.xml:72:13-44
119            android:exported="false" />
119-->src\main\AndroidManifest.xml:73:13-37
120        <activity
120-->src\main\AndroidManifest.xml:74:9-76:40
121            android:name="com.example.snaphunters.FriendsActivity"
121-->src\main\AndroidManifest.xml:75:13-44
122            android:exported="false" />
122-->src\main\AndroidManifest.xml:76:13-37
123        <activity
123-->src\main\AndroidManifest.xml:77:9-79:40
124            android:name="com.example.snaphunters.MenuActivity"
124-->src\main\AndroidManifest.xml:78:13-41
125            android:exported="false" />
125-->src\main\AndroidManifest.xml:79:13-37
126        <activity
126-->src\main\AndroidManifest.xml:80:9-82:40
127            android:name="com.example.snaphunters.RegisterActivity"
127-->src\main\AndroidManifest.xml:81:13-45
128            android:exported="false" />
128-->src\main\AndroidManifest.xml:82:13-37
129        <activity
129-->src\main\AndroidManifest.xml:83:9-85:40
130            android:name="com.example.snaphunters.WelcomeActivity"
130-->src\main\AndroidManifest.xml:84:13-44
131            android:exported="false" />
131-->src\main\AndroidManifest.xml:85:13-37
132        <activity
132-->src\main\AndroidManifest.xml:86:9-94:20
133            android:name="com.example.snaphunters.LoginActivity"
133-->src\main\AndroidManifest.xml:87:13-42
134            android:exported="true" >
134-->src\main\AndroidManifest.xml:88:13-36
135            <intent-filter>
135-->src\main\AndroidManifest.xml:89:13-93:29
136                <action android:name="android.intent.action.MAIN" />
136-->src\main\AndroidManifest.xml:90:17-69
136-->src\main\AndroidManifest.xml:90:25-66
137
138                <category android:name="android.intent.category.LAUNCHER" />
138-->src\main\AndroidManifest.xml:92:17-77
138-->src\main\AndroidManifest.xml:92:27-74
139            </intent-filter>
140        </activity>
141
142        <service
142-->[com.google.firebase:firebase-database-ktx:21.0.0] AndroidManifest.xml:9:9-15:19
143            android:name="com.google.firebase.components.ComponentDiscoveryService"
143-->[com.google.firebase:firebase-database-ktx:21.0.0] AndroidManifest.xml:10:13-84
144            android:directBootAware="true"
144-->[com.google.firebase:firebase-common:21.0.0] AndroidManifest.xml:32:13-43
145            android:exported="false" >
145-->[com.google.firebase:firebase-database-ktx:21.0.0] AndroidManifest.xml:11:13-37
146            <meta-data
146-->[com.google.firebase:firebase-database-ktx:21.0.0] AndroidManifest.xml:12:13-14:85
147                android:name="com.google.firebase.components:com.google.firebase.database.ktx.FirebaseDatabaseLegacyRegistrar"
147-->[com.google.firebase:firebase-database-ktx:21.0.0] AndroidManifest.xml:13:17-127
148                android:value="com.google.firebase.components.ComponentRegistrar" />
148-->[com.google.firebase:firebase-database-ktx:21.0.0] AndroidManifest.xml:14:17-82
149            <meta-data
149-->[com.google.firebase:firebase-storage-ktx:20.3.0] AndroidManifest.xml:12:13-14:85
150                android:name="com.google.firebase.components:com.google.firebase.storage.ktx.FirebaseStorageLegacyRegistrar"
150-->[com.google.firebase:firebase-storage-ktx:20.3.0] AndroidManifest.xml:13:17-125
151                android:value="com.google.firebase.components.ComponentRegistrar" />
151-->[com.google.firebase:firebase-storage-ktx:20.3.0] AndroidManifest.xml:14:17-82
152            <meta-data
152-->[com.google.firebase:firebase-database:21.0.0] AndroidManifest.xml:29:13-31:85
153                android:name="com.google.firebase.components:com.google.firebase.database.FirebaseDatabaseKtxRegistrar"
153-->[com.google.firebase:firebase-database:21.0.0] AndroidManifest.xml:30:17-120
154                android:value="com.google.firebase.components.ComponentRegistrar" />
154-->[com.google.firebase:firebase-database:21.0.0] AndroidManifest.xml:31:17-82
155            <meta-data
155-->[com.google.firebase:firebase-database:21.0.0] AndroidManifest.xml:32:13-34:85
156                android:name="com.google.firebase.components:com.google.firebase.database.DatabaseRegistrar"
156-->[com.google.firebase:firebase-database:21.0.0] AndroidManifest.xml:33:17-109
157                android:value="com.google.firebase.components.ComponentRegistrar" />
157-->[com.google.firebase:firebase-database:21.0.0] AndroidManifest.xml:34:17-82
158            <meta-data
158-->[com.google.firebase:firebase-storage:20.3.0] AndroidManifest.xml:30:13-32:85
159                android:name="com.google.firebase.components:com.google.firebase.storage.FirebaseStorageKtxRegistrar"
159-->[com.google.firebase:firebase-storage:20.3.0] AndroidManifest.xml:31:17-118
160                android:value="com.google.firebase.components.ComponentRegistrar" />
160-->[com.google.firebase:firebase-storage:20.3.0] AndroidManifest.xml:32:17-82
161            <meta-data
161-->[com.google.firebase:firebase-storage:20.3.0] AndroidManifest.xml:33:13-35:85
162                android:name="com.google.firebase.components:com.google.firebase.storage.StorageRegistrar"
162-->[com.google.firebase:firebase-storage:20.3.0] AndroidManifest.xml:34:17-107
163                android:value="com.google.firebase.components.ComponentRegistrar" />
163-->[com.google.firebase:firebase-storage:20.3.0] AndroidManifest.xml:35:17-82
164            <meta-data
164-->[com.google.firebase:firebase-auth-ktx:22.1.0] AndroidManifest.xml:11:13-13:85
165                android:name="com.google.firebase.components:com.google.firebase.auth.ktx.FirebaseAuthKtxRegistrar"
165-->[com.google.firebase:firebase-auth-ktx:22.1.0] AndroidManifest.xml:12:17-116
166                android:value="com.google.firebase.components.ComponentRegistrar" />
166-->[com.google.firebase:firebase-auth-ktx:22.1.0] AndroidManifest.xml:13:17-82
167            <meta-data
167-->[com.google.firebase:firebase-appcheck:17.1.0] AndroidManifest.xml:25:13-27:85
168                android:name="com.google.firebase.components:com.google.firebase.appcheck.FirebaseAppCheckKtxRegistrar"
168-->[com.google.firebase:firebase-appcheck:17.1.0] AndroidManifest.xml:26:17-120
169                android:value="com.google.firebase.components.ComponentRegistrar" />
169-->[com.google.firebase:firebase-appcheck:17.1.0] AndroidManifest.xml:27:17-82
170            <meta-data
170-->[com.google.firebase:firebase-appcheck:17.1.0] AndroidManifest.xml:28:13-30:85
171                android:name="com.google.firebase.components:com.google.firebase.appcheck.FirebaseAppCheckRegistrar"
171-->[com.google.firebase:firebase-appcheck:17.1.0] AndroidManifest.xml:29:17-117
172                android:value="com.google.firebase.components.ComponentRegistrar" />
172-->[com.google.firebase:firebase-appcheck:17.1.0] AndroidManifest.xml:30:17-82
173            <meta-data
173-->[com.google.firebase:firebase-common-ktx:21.0.0] AndroidManifest.xml:12:13-14:85
174                android:name="com.google.firebase.components:com.google.firebase.ktx.FirebaseCommonLegacyRegistrar"
174-->[com.google.firebase:firebase-common-ktx:21.0.0] AndroidManifest.xml:13:17-116
175                android:value="com.google.firebase.components.ComponentRegistrar" />
175-->[com.google.firebase:firebase-common-ktx:21.0.0] AndroidManifest.xml:14:17-82
176            <meta-data
176-->[com.google.firebase:firebase-auth:22.1.0] AndroidManifest.xml:69:13-71:85
177                android:name="com.google.firebase.components:com.google.firebase.auth.FirebaseAuthRegistrar"
177-->[com.google.firebase:firebase-auth:22.1.0] AndroidManifest.xml:70:17-109
178                android:value="com.google.firebase.components.ComponentRegistrar" />
178-->[com.google.firebase:firebase-auth:22.1.0] AndroidManifest.xml:71:17-82
179            <meta-data
179-->[com.google.firebase:firebase-common:21.0.0] AndroidManifest.xml:35:13-37:85
180                android:name="com.google.firebase.components:com.google.firebase.FirebaseCommonKtxRegistrar"
180-->[com.google.firebase:firebase-common:21.0.0] AndroidManifest.xml:36:17-109
181                android:value="com.google.firebase.components.ComponentRegistrar" />
181-->[com.google.firebase:firebase-common:21.0.0] AndroidManifest.xml:37:17-82
182        </service>
183
184        <activity
184-->[com.google.firebase:firebase-auth:22.1.0] AndroidManifest.xml:29:9-46:20
185            android:name="com.google.firebase.auth.internal.GenericIdpActivity"
185-->[com.google.firebase:firebase-auth:22.1.0] AndroidManifest.xml:30:13-80
186            android:excludeFromRecents="true"
186-->[com.google.firebase:firebase-auth:22.1.0] AndroidManifest.xml:31:13-46
187            android:exported="true"
187-->[com.google.firebase:firebase-auth:22.1.0] AndroidManifest.xml:32:13-36
188            android:launchMode="singleTask"
188-->[com.google.firebase:firebase-auth:22.1.0] AndroidManifest.xml:33:13-44
189            android:theme="@android:style/Theme.Translucent.NoTitleBar" >
189-->[com.google.firebase:firebase-auth:22.1.0] AndroidManifest.xml:34:13-72
190            <intent-filter>
190-->[com.google.firebase:firebase-auth:22.1.0] AndroidManifest.xml:35:13-45:29
191                <action android:name="android.intent.action.VIEW" />
191-->[com.google.firebase:firebase-auth:22.1.0] AndroidManifest.xml:36:17-69
191-->[com.google.firebase:firebase-auth:22.1.0] AndroidManifest.xml:36:25-66
192
193                <category android:name="android.intent.category.DEFAULT" />
193-->[com.google.firebase:firebase-auth:22.1.0] AndroidManifest.xml:38:17-76
193-->[com.google.firebase:firebase-auth:22.1.0] AndroidManifest.xml:38:27-73
194                <category android:name="android.intent.category.BROWSABLE" />
194-->[com.google.firebase:firebase-auth:22.1.0] AndroidManifest.xml:39:17-78
194-->[com.google.firebase:firebase-auth:22.1.0] AndroidManifest.xml:39:27-75
195
196                <data
196-->[com.google.firebase:firebase-auth:22.1.0] AndroidManifest.xml:41:17-44:51
197                    android:host="firebase.auth"
197-->[com.google.firebase:firebase-auth:22.1.0] AndroidManifest.xml:42:21-49
198                    android:path="/"
198-->[com.google.firebase:firebase-auth:22.1.0] AndroidManifest.xml:43:21-37
199                    android:scheme="genericidp" />
199-->[com.google.firebase:firebase-auth:22.1.0] AndroidManifest.xml:44:21-48
200            </intent-filter>
201        </activity>
202        <activity
202-->[com.google.firebase:firebase-auth:22.1.0] AndroidManifest.xml:47:9-64:20
203            android:name="com.google.firebase.auth.internal.RecaptchaActivity"
203-->[com.google.firebase:firebase-auth:22.1.0] AndroidManifest.xml:48:13-79
204            android:excludeFromRecents="true"
204-->[com.google.firebase:firebase-auth:22.1.0] AndroidManifest.xml:49:13-46
205            android:exported="true"
205-->[com.google.firebase:firebase-auth:22.1.0] AndroidManifest.xml:50:13-36
206            android:launchMode="singleTask"
206-->[com.google.firebase:firebase-auth:22.1.0] AndroidManifest.xml:51:13-44
207            android:theme="@android:style/Theme.Translucent.NoTitleBar" >
207-->[com.google.firebase:firebase-auth:22.1.0] AndroidManifest.xml:52:13-72
208            <intent-filter>
208-->[com.google.firebase:firebase-auth:22.1.0] AndroidManifest.xml:53:13-63:29
209                <action android:name="android.intent.action.VIEW" />
209-->[com.google.firebase:firebase-auth:22.1.0] AndroidManifest.xml:36:17-69
209-->[com.google.firebase:firebase-auth:22.1.0] AndroidManifest.xml:36:25-66
210
211                <category android:name="android.intent.category.DEFAULT" />
211-->[com.google.firebase:firebase-auth:22.1.0] AndroidManifest.xml:38:17-76
211-->[com.google.firebase:firebase-auth:22.1.0] AndroidManifest.xml:38:27-73
212                <category android:name="android.intent.category.BROWSABLE" />
212-->[com.google.firebase:firebase-auth:22.1.0] AndroidManifest.xml:39:17-78
212-->[com.google.firebase:firebase-auth:22.1.0] AndroidManifest.xml:39:27-75
213
214                <data
214-->[com.google.firebase:firebase-auth:22.1.0] AndroidManifest.xml:41:17-44:51
215                    android:host="firebase.auth"
215-->[com.google.firebase:firebase-auth:22.1.0] AndroidManifest.xml:42:21-49
216                    android:path="/"
216-->[com.google.firebase:firebase-auth:22.1.0] AndroidManifest.xml:43:21-37
217                    android:scheme="recaptcha" />
217-->[com.google.firebase:firebase-auth:22.1.0] AndroidManifest.xml:44:21-48
218            </intent-filter>
219        </activity>
220
221        <provider
221-->[com.google.firebase:firebase-common:21.0.0] AndroidManifest.xml:23:9-28:39
222            android:name="com.google.firebase.provider.FirebaseInitProvider"
222-->[com.google.firebase:firebase-common:21.0.0] AndroidManifest.xml:24:13-77
223            android:authorities="com.example.snaphunters.firebaseinitprovider"
223-->[com.google.firebase:firebase-common:21.0.0] AndroidManifest.xml:25:13-72
224            android:directBootAware="true"
224-->[com.google.firebase:firebase-common:21.0.0] AndroidManifest.xml:26:13-43
225            android:exported="false"
225-->[com.google.firebase:firebase-common:21.0.0] AndroidManifest.xml:27:13-37
226            android:initOrder="100" /> <!-- Needs to be explicitly declared on P+ -->
226-->[com.google.firebase:firebase-common:21.0.0] AndroidManifest.xml:28:13-36
227        <uses-library
227-->[com.google.android.gms:play-services-maps:19.0.0] AndroidManifest.xml:39:9-41:40
228            android:name="org.apache.http.legacy"
228-->[com.google.android.gms:play-services-maps:19.0.0] AndroidManifest.xml:40:13-50
229            android:required="false" />
229-->[com.google.android.gms:play-services-maps:19.0.0] AndroidManifest.xml:41:13-37
230
231        <activity
231-->[com.google.android.gms:play-services-base:18.5.0] AndroidManifest.xml:5:9-173
232            android:name="com.google.android.gms.common.api.GoogleApiActivity"
232-->[com.google.android.gms:play-services-base:18.5.0] AndroidManifest.xml:5:19-85
233            android:exported="false"
233-->[com.google.android.gms:play-services-base:18.5.0] AndroidManifest.xml:5:146-170
234            android:theme="@android:style/Theme.Translucent.NoTitleBar" />
234-->[com.google.android.gms:play-services-base:18.5.0] AndroidManifest.xml:5:86-145
235
236        <meta-data
236-->[com.google.android.gms:play-services-basement:18.4.0] AndroidManifest.xml:6:9-122
237            android:name="com.google.android.gms.version"
237-->[com.google.android.gms:play-services-basement:18.4.0] AndroidManifest.xml:6:20-65
238            android:value="@integer/google_play_services_version" />
238-->[com.google.android.gms:play-services-basement:18.4.0] AndroidManifest.xml:6:66-119
239
240        <provider
240-->[androidx.emoji2:emoji2:1.3.0] AndroidManifest.xml:24:9-32:20
241            android:name="androidx.startup.InitializationProvider"
241-->[androidx.emoji2:emoji2:1.3.0] AndroidManifest.xml:25:13-67
242            android:authorities="com.example.snaphunters.androidx-startup"
242-->[androidx.emoji2:emoji2:1.3.0] AndroidManifest.xml:26:13-68
243            android:exported="false" >
243-->[androidx.emoji2:emoji2:1.3.0] AndroidManifest.xml:27:13-37
244            <meta-data
244-->[androidx.emoji2:emoji2:1.3.0] AndroidManifest.xml:29:13-31:52
245                android:name="androidx.emoji2.text.EmojiCompatInitializer"
245-->[androidx.emoji2:emoji2:1.3.0] AndroidManifest.xml:30:17-75
246                android:value="androidx.startup" />
246-->[androidx.emoji2:emoji2:1.3.0] AndroidManifest.xml:31:17-49
247            <meta-data
247-->[androidx.lifecycle:lifecycle-process:2.6.2] AndroidManifest.xml:29:13-31:52
248                android:name="androidx.lifecycle.ProcessLifecycleInitializer"
248-->[androidx.lifecycle:lifecycle-process:2.6.2] AndroidManifest.xml:30:17-78
249                android:value="androidx.startup" />
249-->[androidx.lifecycle:lifecycle-process:2.6.2] AndroidManifest.xml:31:17-49
250            <meta-data
250-->[androidx.profileinstaller:profileinstaller:1.3.1] AndroidManifest.xml:29:13-31:52
251                android:name="androidx.profileinstaller.ProfileInstallerInitializer"
251-->[androidx.profileinstaller:profileinstaller:1.3.1] AndroidManifest.xml:30:17-85
252                android:value="androidx.startup" />
252-->[androidx.profileinstaller:profileinstaller:1.3.1] AndroidManifest.xml:31:17-49
253        </provider>
254
255        <receiver
255-->[androidx.profileinstaller:profileinstaller:1.3.1] AndroidManifest.xml:34:9-52:20
256            android:name="androidx.profileinstaller.ProfileInstallReceiver"
256-->[androidx.profileinstaller:profileinstaller:1.3.1] AndroidManifest.xml:35:13-76
257            android:directBootAware="false"
257-->[androidx.profileinstaller:profileinstaller:1.3.1] AndroidManifest.xml:36:13-44
258            android:enabled="true"
258-->[androidx.profileinstaller:profileinstaller:1.3.1] AndroidManifest.xml:37:13-35
259            android:exported="true"
259-->[androidx.profileinstaller:profileinstaller:1.3.1] AndroidManifest.xml:38:13-36
260            android:permission="android.permission.DUMP" >
260-->[androidx.profileinstaller:profileinstaller:1.3.1] AndroidManifest.xml:39:13-57
261            <intent-filter>
261-->[androidx.profileinstaller:profileinstaller:1.3.1] AndroidManifest.xml:40:13-42:29
262                <action android:name="androidx.profileinstaller.action.INSTALL_PROFILE" />
262-->[androidx.profileinstaller:profileinstaller:1.3.1] AndroidManifest.xml:41:17-91
262-->[androidx.profileinstaller:profileinstaller:1.3.1] AndroidManifest.xml:41:25-88
263            </intent-filter>
264            <intent-filter>
264-->[androidx.profileinstaller:profileinstaller:1.3.1] AndroidManifest.xml:43:13-45:29
265                <action android:name="androidx.profileinstaller.action.SKIP_FILE" />
265-->[androidx.profileinstaller:profileinstaller:1.3.1] AndroidManifest.xml:44:17-85
265-->[androidx.profileinstaller:profileinstaller:1.3.1] AndroidManifest.xml:44:25-82
266            </intent-filter>
267            <intent-filter>
267-->[androidx.profileinstaller:profileinstaller:1.3.1] AndroidManifest.xml:46:13-48:29
268                <action android:name="androidx.profileinstaller.action.SAVE_PROFILE" />
268-->[androidx.profileinstaller:profileinstaller:1.3.1] AndroidManifest.xml:47:17-88
268-->[androidx.profileinstaller:profileinstaller:1.3.1] AndroidManifest.xml:47:25-85
269            </intent-filter>
270            <intent-filter>
270-->[androidx.profileinstaller:profileinstaller:1.3.1] AndroidManifest.xml:49:13-51:29
271                <action android:name="androidx.profileinstaller.action.BENCHMARK_OPERATION" />
271-->[androidx.profileinstaller:profileinstaller:1.3.1] AndroidManifest.xml:50:17-95
271-->[androidx.profileinstaller:profileinstaller:1.3.1] AndroidManifest.xml:50:25-92
272            </intent-filter>
273        </receiver>
274    </application>
275
276</manifest>